#################################################################
# If you used Vina-GPU in your work, please cite:               #
#                                                               #
#Shidi, Tang, Chen Ruiqi, Lin Mengru, Lin Qingde,               #
#Zhu Yanxiang, Wu Jiansheng, Hu Haifeng, and Ling Ming.         #
#Accelerating AutoDock VINA with GPUs. ChemRxiv (2021).Print.   #
#                                                               #
# And also the origin AutoDock Vina paper:                      #
# O. Trott, A. J. Olson,                                        #
# AutoDock Vina: improving the speed and accuracy of docking    #
# with a new scoring function, efficient optimization and       #
# multithreading, Journal of Computational Chemistry 31 (2010)  #
# 455-461                                                       #
#                                                               #
# DOI 10.1002/jcc.21334                                         #
#                                                               #
#################################################################

Output will be /home/mb2462/rds/hpc-work/DD/DD_protocol_data/DD_main_clean/SDF_docking_check/ZINC000002443590_1_out.pdbqt
Reading input ... 

Error: could not open "/home/mb2462/rds/hpc-work/DD/DD_protocol_data/DD_main_clean/SDF_docking_check/ZINC000002443590_1.pdbqt" for reading.
#################################################################
# If you used Vina-GPU in your work, please cite:               #
#                                                               #
#Shidi, Tang, Chen Ruiqi, Lin Mengru, Lin Qingde,               #
#Zhu Yanxiang, Wu Jiansheng, Hu Haifeng, and Ling Ming.         #
#Accelerating AutoDock VINA with GPUs. ChemRxiv (2021).Print.   #
#                                                               #
# And also the origin AutoDock Vina paper:                      #
# O. Trott, A. J. Olson,                                        #
# AutoDock Vina: improving the speed and accuracy of docking    #
# with a new scoring function, efficient optimization and       #
# multithreading, Journal of Computational Chemistry 31 (2010)  #
# 455-461                                                       #
#                                                               #
# DOI 10.1002/jcc.21334                                         #
#                                                               #
#################################################################

Output will be /home/mb2462/rds/hpc-work/DD/DD_protocol_data/DD_main_clean/SDF_docking_check/ZINC000002443590_2_out.pdbqt
Reading input ... 

Error: could not open "/home/mb2462/rds/hpc-work/DD/DD_protocol_data/DD_main_clean/SDF_docking_check/ZINC000002443590_2.pdbqt" for reading.
#################################################################
# If you used Vina-GPU in your work, please cite:               #
#                                                               #
#Shidi, Tang, Chen Ruiqi, Lin Mengru, Lin Qingde,               #
#Zhu Yanxiang, Wu Jiansheng, Hu Haifeng, and Ling Ming.         #
#Accelerating AutoDock VINA with GPUs. ChemRxiv (2021).Print.   #
#                                                               #
# And also the origin AutoDock Vina paper:                      #
# O. Trott, A. J. Olson,                                        #
# AutoDock Vina: improving the speed and accuracy of docking    #
# with a new scoring function, efficient optimization and       #
# multithreading, Journal of Computational Chemistry 31 (2010)  #
# 455-461                                                       #
#                                                               #
# DOI 10.1002/jcc.21334                                         #
#                                                               #
#################################################################

Output will be /home/mb2462/rds/hpc-work/DD/DD_protocol_data/DD_main_clean/SDF_docking_check/ZINC000002443590_3_out.pdbqt
Reading input ... 

Error: could not open "/home/mb2462/rds/hpc-work/DD/DD_protocol_data/DD_main_clean/SDF_docking_check/ZINC000002443590_3.pdbqt" for reading.
