#################################################################
# If you used Vina-GPU in your work, please cite:               #
#                                                               #
#Shidi, Tang, Chen Ruiqi, Lin Mengru, Lin Qingde,               #
#Zhu Yanxiang, Wu Jiansheng, Hu Haifeng, and Ling Ming.         #
#Accelerating AutoDock VINA with GPUs. ChemRxiv (2021).Print.   #
#                                                               #
# And also the origin AutoDock Vina paper:                      #
# O. Trott, A. J. Olson,                                        #
# AutoDock Vina: improving the speed and accuracy of docking    #
# with a new scoring function, efficient optimization and       #
# multithreading, Journal of Computational Chemistry 31 (2010)  #
# 455-461                                                       #
#                                                               #
# DOI 10.1002/jcc.21334                                         #
#                                                               #
#################################################################

Output will be /home/mb2462/rds/hpc-work/DD/DD_protocol_data/DD_main_clean/SDF_docking_checks/ZINC000002443590_1_out.pdbqt
Reading input ... done.
Setting up the scoring function ... done.
Analyzing the binding site ... done.
Using random seed: 1694952427

Platform: NVIDIA CUDA
Device: NVIDIA A100-SXM4-80GB

Build kernels from source
OpenCL version: 3.0
Search depth is set to 10
Perform docking|=======                              |Perform docking|================done=================|
GPU monte carlo runtime: 0.521 s
Refining results ... done.

mode |   affinity | dist from best mode
     | (kcal/mol) | rmsd l.b.| rmsd u.b.
-----+------------+----------+----------
   1         -4.5      0.000      0.000
   2         -4.3      3.731      4.694
   3         -4.3      7.243      8.739
   4         -4.3      3.819      6.832
   5         -4.3      2.951      3.779
Writing output ... done.
Vina-GPU total runtime: 1.396 s
#################################################################
# If you used Vina-GPU in your work, please cite:               #
#                                                               #
#Shidi, Tang, Chen Ruiqi, Lin Mengru, Lin Qingde,               #
#Zhu Yanxiang, Wu Jiansheng, Hu Haifeng, and Ling Ming.         #
#Accelerating AutoDock VINA with GPUs. ChemRxiv (2021).Print.   #
#                                                               #
# And also the origin AutoDock Vina paper:                      #
# O. Trott, A. J. Olson,                                        #
# AutoDock Vina: improving the speed and accuracy of docking    #
# with a new scoring function, efficient optimization and       #
# multithreading, Journal of Computational Chemistry 31 (2010)  #
# 455-461                                                       #
#                                                               #
# DOI 10.1002/jcc.21334                                         #
#                                                               #
#################################################################

Output will be /home/mb2462/rds/hpc-work/DD/DD_protocol_data/DD_main_clean/SDF_docking_checks/ZINC000002443590_2_out.pdbqt
Reading input ... done.
Setting up the scoring function ... done.
Analyzing the binding site ... done.
Using random seed: -722610068

Platform: NVIDIA CUDA
Device: NVIDIA A100-SXM4-80GB

Build kernels from source
OpenCL version: 3.0
Search depth is set to 10
Perform docking|=======                              |Perform docking|================done=================|
GPU monte carlo runtime: 0.432 s
Refining results ... done.

mode |   affinity | dist from best mode
     | (kcal/mol) | rmsd l.b.| rmsd u.b.
-----+------------+----------+----------
   1         -4.8      0.000      0.000
   2         -4.8      2.119      2.465
   3         -4.8      2.655      8.155
   4         -4.7      3.885      9.102
Writing output ... done.
Vina-GPU total runtime: 1.324 s
#################################################################
# If you used Vina-GPU in your work, please cite:               #
#                                                               #
#Shidi, Tang, Chen Ruiqi, Lin Mengru, Lin Qingde,               #
#Zhu Yanxiang, Wu Jiansheng, Hu Haifeng, and Ling Ming.         #
#Accelerating AutoDock VINA with GPUs. ChemRxiv (2021).Print.   #
#                                                               #
# And also the origin AutoDock Vina paper:                      #
# O. Trott, A. J. Olson,                                        #
# AutoDock Vina: improving the speed and accuracy of docking    #
# with a new scoring function, efficient optimization and       #
# multithreading, Journal of Computational Chemistry 31 (2010)  #
# 455-461                                                       #
#                                                               #
# DOI 10.1002/jcc.21334                                         #
#                                                               #
#################################################################

Output will be /home/mb2462/rds/hpc-work/DD/DD_protocol_data/DD_main_clean/SDF_docking_checks/ZINC000002443590_out.pdbqt
Reading input ... done.
Setting up the scoring function ... done.
Analyzing the binding site ... done.
Using random seed: 1105187876

Platform: NVIDIA CUDA
Device: NVIDIA A100-SXM4-80GB

Build kernels from source
OpenCL version: 3.0
Search depth is set to 10
Perform docking|=======                              |Perform docking|================done=================|
GPU monte carlo runtime: 0.446 s
Refining results ... done.

mode |   affinity | dist from best mode
     | (kcal/mol) | rmsd l.b.| rmsd u.b.
-----+------------+----------+----------
   1         -4.8      0.000      0.000
   2         -4.8      2.139      2.516
   3         -4.7      3.026      8.328
   4         -4.7      2.658      8.173
   5         -4.7      3.919      9.115
Writing output ... done.
Vina-GPU total runtime: 1.329 s
